<?xml version="1.0" encoding="UTF-8"?>
<testsuite xmlns:xsi="http://www.w3.org/2001/XMLSchema-instance" xsi:noNamespaceSchemaLocation="https://maven.apache.org/surefire/maven-surefire-plugin/xsd/surefire-test-report.xsd" name="TestSuite" time="0.839" tests="7" errors="0" skipped="6" failures="1">
  <properties>
[...]
</properties>
  <testcase name="setUp" classname="pageobjectstests.HomePageTest" time="0.753">
    <failure message="The driver executable does not exist: D:\d\IdeaProjects\QAAE2201\QAAE2201-Assignments\WebAutomationWali\utilities\drivers\windows\chromedriver.exe" type="java.lang.IllegalStateException">java.lang.IllegalStateException: The driver executable does not exist: D:\d\IdeaProjects\QAAE2201\QAAE2201-Assignments\WebAutomationWali\utilities\drivers\windows\chromedriver.exe
</failure>
    <system-out><![CDATA[Extent Report DirectoryD:\IdeaProjects\QAAE2201\QAAE2201-Assignments\WebAutomationWali\automationpractice\target\surefire-reports\html
]]></system-out>
    <system-err><![CDATA[Jul 07, 2022 12:37:12 AM com.relevantcodes.extentreports.ExtentReports loadConfig
WARNING: Unable to perform report configuration. The file D:\IdeaProjects\QAAE2201\QAAE2201-Assignments\WebAutomationWali\automationpractice\report-config.xml was not found.
Jul 07, 2022 12:37:12 AM org.openqa.selenium.remote.DesiredCapabilities chrome
INFO: Using `new ChromeOptions()` is preferred to `DesiredCapabilities.chrome()`
]]></system-err>
  </testcase>
  <testcase name="startExtent" classname="pageobjectstests.HomePageTest" time="0">
    <skipped/>
  </testcase>
  <testcase name="initializeElements" classname="pageobjectstests.HomePageTest" time="0">
    <skipped/>
  </testcase>
  <testcase name="searchTest" classname="pageobjectstests.HomePageTest" time="0">
    <skipped message="The driver executable does not exist: D:\d\IdeaProjects\QAAE2201\QAAE2201-Assignments\WebAutomationWali\utilities\drivers\windows\chromedriver.exe"/>
  </testcase>
  <testcase name="afterEachTestMethod" classname="pageobjectstests.HomePageTest" time="0">
    <skipped/>
  </testcase>
  <testcase name="cleanUP" classname="pageobjectstests.HomePageTest" time="0">
    <skipped/>
  </testcase>
  <testcase name="generateReport" classname="pageobjectstests.HomePageTest" time="0">
    <skipped/>
  </testcase>
</testsuite>